TN:
SF:src/polyfills.ts
FNF:0
FNH:0
LF:0
LH:0
BRF:0
BRH:0
end_of_record
TN:
SF:src/test.ts
FNF:0
FNH:0
DA:18,1
DA:23,1
DA:25,1
LF:3
LH:3
BRF:0
BRH:0
end_of_record
TN:
SF:src/app/app.component.ts
FN:12,(anonymous_0)
FNF:1
FNH:1
FNDA:2,(anonymous_0)
DA:9,1
DA:10,2
DA:12,2
LF:3
LH:3
BRF:0
BRH:0
end_of_record
TN:
SF:src/app/core-module/alert/alert.service.ts
FN:10,(anonymous_0)
FN:12,(anonymous_1)
FN:25,(anonymous_2)
FN:31,(anonymous_3)
FN:37,(anonymous_4)
FN:39,(anonymous_5)
FN:44,(anonymous_6)
FNF:7
FNH:2
FNDA:2,(anonymous_0)
FNDA:0,(anonymous_1)
FNDA:0,(anonymous_2)
FNDA:0,(anonymous_3)
FNDA:0,(anonymous_4)
FNDA:0,(anonymous_5)
FNDA:2,(anonymous_6)
DA:6,1
DA:7,2
DA:8,2
DA:10,2
DA:12,2
DA:13,0
DA:14,0
DA:16,0
DA:19,0
DA:26,0
DA:27,0
DA:28,0
DA:32,0
DA:33,0
DA:34,0
DA:38,0
DA:39,0
DA:40,0
DA:45,2
LF:19
LH:6
BRDA:13,0,0,0
BRDA:13,0,1,0
BRDA:14,1,0,0
BRDA:14,1,1,0
BRDA:25,2,0,0
BRDA:31,3,0,0
BRF:6
BRH:0
end_of_record
TN:
SF:src/app/core-module/alert/components/alert.component.ts
FN:13,(anonymous_0)
FN:17,(anonymous_1)
FN:18,(anonymous_2)
FN:21,(anonymous_3)
FNF:4
FNH:3
FNDA:2,(anonymous_0)
FNDA:2,(anonymous_1)
FNDA:0,(anonymous_2)
FNDA:1,(anonymous_3)
DA:10,1
DA:14,2
DA:18,2
DA:22,1
LF:4
LH:4
BRF:0
BRH:0
end_of_record
TN:
SF:src/app/core-module/app-store/state/app-store.actions.ts
FNF:0
FNH:0
DA:5,1
LF:1
LH:1
BRF:0
BRH:0
end_of_record
TN:
SF:src/app/core-module/app-store/state/app-store.service.ts
FN:97,(anonymous_0)
FN:26,(anonymous_1)
FN:48,(anonymous_2)
FN:74,(anonymous_3)
FN:89,(anonymous_4)
FNF:5
FNH:3
FNDA:49,(anonymous_0)
FNDA:98,(anonymous_1)
FNDA:49,(anonymous_2)
FNDA:0,(anonymous_3)
FNDA:0,(anonymous_4)
DA:9,1
DA:11,49
DA:12,49
DA:13,49
DA:27,98
DA:28,98
DA:29,98
DA:30,98
DA:33,0
DA:49,49
DA:50,49
DA:51,49
DA:54,0
DA:75,0
DA:76,0
DA:77,0
DA:79,0
DA:90,0
DA:91,0
DA:93,0
DA:97,49
DA:98,49
DA:100,49
LF:23
LH:14
BRDA:29,0,0,98
BRDA:29,0,1,0
BRDA:29,1,0,98
BRDA:29,1,1,98
BRDA:50,2,0,49
BRDA:50,2,1,0
BRDA:50,3,0,49
BRDA:50,3,1,49
BRDA:50,3,2,49
BRF:9
BRH:7
end_of_record
TN:
SF:src/app/core-module/app-store/utils/action-creator.utils.ts
FN:21,(anonymous_0)
FN:31,(anonymous_1)
FN:33,(anonymous_2)
FN:40,(anonymous_3)
FNF:4
FNH:3
FNDA:79,(anonymous_0)
FNDA:721,(anonymous_1)
FNDA:79,(anonymous_2)
FNDA:0,(anonymous_3)
DA:22,79
DA:23,79
DA:29,1
DA:33,721
DA:34,79
DA:35,79
DA:41,0
DA:55,1
LF:8
LH:7
BRDA:22,0,0,0
BRDA:34,1,0,54
BRDA:34,1,1,25
BRDA:34,2,0,79
BRDA:34,2,1,25
BRF:5
BRH:4
end_of_record
TN:
SF:src/app/core-module/services/api.service.ts
FN:16,(anonymous_0)
FN:19,(anonymous_1)
FN:23,(anonymous_2)
FN:27,(anonymous_3)
FN:31,(anonymous_4)
FN:35,(anonymous_5)
FN:39,(anonymous_6)
FNF:7
FNH:1
FNDA:7,(anonymous_0)
FNDA:0,(anonymous_1)
FNDA:0,(anonymous_2)
FNDA:0,(anonymous_3)
FNDA:0,(anonymous_4)
FNDA:0,(anonymous_5)
FNDA:0,(anonymous_6)
DA:13,1
DA:15,7
DA:16,7
DA:20,0
DA:24,0
DA:28,0
DA:32,0
DA:36,0
DA:40,0
LF:9
LH:3
BRF:0
BRH:0
end_of_record
TN:
SF:src/app/data-store/interfaces/IUserNote.ts
FN:28,(anonymous_0)
FNF:1
FNH:1
FNDA:12,(anonymous_0)
DA:29,12
DA:30,12
DA:31,12
DA:32,12
DA:33,12
DA:34,12
DA:35,12
LF:7
LH:7
BRF:0
BRH:0
end_of_record
TN:
SF:src/app/guards/auth.guard.ts
FN:7,(anonymous_0)
FN:9,(anonymous_1)
FNF:2
FNH:2
FNDA:3,(anonymous_0)
FNDA:2,(anonymous_1)
DA:5,1
DA:7,3
DA:11,2
DA:13,1
DA:17,1
DA:18,1
LF:6
LH:6
BRDA:11,0,0,1
BRDA:11,0,1,1
BRDA:11,1,0,2
BRDA:11,1,1,1
BRF:4
BRH:4
end_of_record
TN:
SF:src/app/views/header-view/header-view.component.ts
FN:17,(anonymous_0)
FN:22,(anonymous_1)
FN:26,(anonymous_2)
FNF:3
FNH:3
FNDA:3,(anonymous_0)
FNDA:1,(anonymous_1)
FNDA:1,(anonymous_2)
DA:13,1
DA:17,3
DA:18,3
DA:19,3
DA:23,1
DA:27,1
DA:28,1
DA:29,1
DA:30,1
LF:9
LH:9
BRF:0
BRH:0
end_of_record
TN:
SF:src/app/views/login/components/login.component.ts
FN:20,(anonymous_0)
FN:23,(anonymous_1)
FN:24,(anonymous_2)
FN:26,(anonymous_3)
FN:29,(anonymous_4)
FN:33,(anonymous_5)
FN:37,(anonymous_6)
FN:41,(anonymous_7)
FNF:8
FNH:8
FNDA:4,(anonymous_0)
FNDA:4,(anonymous_1)
FNDA:4,(anonymous_2)
FNDA:4,(anonymous_3)
FNDA:1,(anonymous_4)
FNDA:1,(anonymous_5)
FNDA:1,(anonymous_6)
FNDA:4,(anonymous_7)
DA:15,1
DA:16,4
DA:18,4
DA:20,4
DA:21,4
DA:24,4
DA:25,0
DA:26,4
DA:30,1
DA:34,1
DA:38,1
DA:42,4
DA:43,4
LF:13
LH:12
BRDA:24,0,0,0
BRDA:24,0,1,4
BRF:2
BRH:1
end_of_record
TN:
SF:src/app/views/login/state/user.actions.ts
FNF:0
FNH:0
DA:5,1
DA:8,1
DA:9,1
DA:10,1
DA:11,1
DA:12,1
DA:13,1
DA:14,1
DA:16,13
DA:17,13
DA:18,13
DA:19,13
DA:20,13
DA:21,13
DA:22,13
LF:15
LH:15
BRF:0
BRH:0
end_of_record
TN:
SF:src/app/views/login/state/user.effects.ts
FN:15,(anonymous_0)
FN:22,(anonymous_1)
FN:25,(anonymous_2)
FN:29,(anonymous_3)
FN:31,(anonymous_4)
FN:49,(anonymous_5)
FN:52,(anonymous_6)
FN:56,(anonymous_7)
FN:58,(anonymous_8)
FN:75,(anonymous_9)
FNF:10
FNH:3
FNDA:1,(anonymous_0)
FNDA:1,(anonymous_1)
FNDA:0,(anonymous_2)
FNDA:0,(anonymous_3)
FNDA:0,(anonymous_4)
FNDA:1,(anonymous_5)
FNDA:0,(anonymous_6)
FNDA:0,(anonymous_7)
FNDA:0,(anonymous_8)
FNDA:0,(anonymous_9)
DA:14,1
DA:15,1
DA:16,1
DA:17,1
DA:22,1
DA:23,1
DA:26,0
DA:31,0
DA:32,0
DA:33,0
DA:36,0
DA:37,0
DA:39,0
DA:40,0
DA:49,1
DA:50,1
DA:53,0
DA:57,0
DA:58,0
DA:59,0
DA:60,0
DA:63,0
DA:64,0
DA:65,0
DA:67,0
DA:73,0
DA:76,0
DA:77,0
DA:78,0
DA:80,0
DA:81,0
LF:31
LH:8
BRDA:32,0,0,0
BRDA:32,0,1,0
BRDA:32,1,0,0
BRDA:32,1,1,0
BRDA:36,2,0,0
BRDA:36,2,1,0
BRDA:36,3,0,0
BRDA:36,3,1,0
BRDA:36,3,2,0
BRDA:59,4,0,0
BRDA:59,4,1,0
BRDA:63,5,0,0
BRDA:63,5,1,0
BRDA:68,6,0,0
BRDA:68,6,1,0
BRDA:76,7,0,0
BRDA:76,7,1,0
BRF:17
BRH:0
end_of_record
TN:
SF:src/app/views/login/state/user.reducer.ts
FN:19,user
FN:39,handleUserValidated
FN:48,handleUserSignedUp
FN:54,handleSetSignUpState
FNF:4
FNH:4
FNDA:4,user
FNDA:1,handleUserValidated
FNDA:1,handleUserSignedUp
FNDA:1,handleSetSignUpState
DA:13,1
DA:20,4
DA:23,1
DA:26,1
DA:29,1
DA:32,1
DA:40,1
DA:41,1
DA:42,1
DA:43,1
DA:44,1
DA:45,1
DA:49,1
DA:50,1
DA:51,1
DA:55,1
DA:56,1
DA:57,1
LF:18
LH:18
BRDA:19,0,0,0
BRDA:22,1,0,1
BRDA:22,1,1,1
BRDA:22,1,2,1
BRDA:22,1,3,1
BRDA:41,2,0,1
BRDA:41,2,1,0
BRDA:41,3,0,1
BRDA:41,3,1,1
BRF:9
BRH:7
end_of_record
TN:
SF:src/app/views/login/state/user.selectors.ts
FN:6,(anonymous_0)
FN:10,(anonymous_1)
FN:15,(anonymous_2)
FNF:3
FNH:3
FNDA:2,(anonymous_0)
FNDA:2,(anonymous_1)
FNDA:2,(anonymous_2)
DA:6,2
DA:8,1
DA:10,2
DA:13,1
DA:15,2
LF:5
LH:5
BRF:0
BRH:0
end_of_record
TN:
SF:src/app/views/login/state/user.service.ts
FN:13,(anonymous_0)
FN:25,(anonymous_1)
FN:29,(anonymous_2)
FN:36,(anonymous_3)
FN:40,(anonymous_4)
FN:44,(anonymous_5)
FNF:6
FNH:6
FNDA:10,(anonymous_0)
FNDA:5,(anonymous_1)
FNDA:5,(anonymous_2)
FNDA:2,(anonymous_3)
FNDA:2,(anonymous_4)
FNDA:2,(anonymous_5)
DA:11,1
DA:14,10
DA:15,10
DA:16,10
DA:18,10
DA:19,10
DA:26,5
DA:30,5
DA:37,2
DA:41,2
DA:45,2
LF:11
LH:11
BRF:0
BRH:0
end_of_record
TN:
SF:src/app/views/notes-view/components/card-component/card.component.ts
FN:22,(anonymous_0)
FN:25,(anonymous_1)
FN:29,(anonymous_2)
FN:34,(anonymous_3)
FNF:4
FNH:4
FNDA:4,(anonymous_0)
FNDA:1,(anonymous_1)
FNDA:1,(anonymous_2)
FNDA:5,(anonymous_3)
DA:16,1
DA:18,4
DA:22,4
DA:26,1
DA:31,1
DA:35,5
DA:36,1
DA:37,1
DA:39,4
LF:9
LH:9
BRDA:35,0,0,1
BRDA:35,0,1,4
BRDA:35,1,0,5
BRDA:35,1,1,5
BRDA:35,1,2,1
BRDA:35,1,3,1
BRF:6
BRH:6
end_of_record
TN:
SF:src/app/views/notes-view/components/notes-add-edit-view/notes-add-edit-view.component.ts
FN:48,(anonymous_0)
FN:51,(anonymous_1)
FN:52,(anonymous_2)
FN:58,(anonymous_3)
FN:61,(anonymous_4)
FN:66,(anonymous_5)
FN:71,(anonymous_6)
FN:75,(anonymous_7)
FN:79,(anonymous_8)
FN:84,(anonymous_9)
FN:89,(anonymous_10)
FN:99,(anonymous_11)
FN:105,(anonymous_12)
FN:110,(anonymous_13)
FN:119,(anonymous_14)
FNF:15
FNH:13
FNDA:9,(anonymous_0)
FNDA:9,(anonymous_1)
FNDA:9,(anonymous_2)
FNDA:9,(anonymous_3)
FNDA:9,(anonymous_4)
FNDA:1,(anonymous_5)
FNDA:2,(anonymous_6)
FNDA:1,(anonymous_7)
FNDA:1,(anonymous_8)
FNDA:1,(anonymous_9)
FNDA:0,(anonymous_10)
FNDA:0,(anonymous_11)
FNDA:9,(anonymous_12)
FNDA:1,(anonymous_13)
FNDA:1,(anonymous_14)
DA:40,1
DA:46,9
DA:48,9
DA:52,9
DA:53,9
DA:54,0
DA:56,9
DA:58,9
DA:59,9
DA:61,9
DA:62,9
DA:67,1
DA:68,1
DA:72,2
DA:76,1
DA:80,1
DA:81,1
DA:85,1
DA:86,1
DA:90,0
DA:91,0
DA:92,0
DA:93,0
DA:94,0
DA:95,0
DA:96,0
DA:97,0
DA:99,0
DA:100,0
DA:106,9
DA:107,9
DA:111,1
DA:112,1
DA:113,1
DA:115,0
DA:120,1
DA:121,1
DA:122,1
DA:124,0
LF:39
LH:26
BRDA:53,0,0,0
BRDA:53,0,1,9
BRDA:53,1,0,9
BRDA:53,1,1,0
BRDA:72,2,0,1
BRDA:72,2,1,1
BRDA:90,3,0,0
BRDA:90,3,1,0
BRDA:91,4,0,0
BRDA:91,4,1,0
BRDA:94,5,0,0
BRDA:94,5,1,0
BRDA:96,6,0,0
BRDA:96,6,1,0
BRDA:111,7,0,1
BRDA:111,7,1,0
BRDA:111,8,0,1
BRDA:111,8,1,1
BRDA:120,9,0,1
BRDA:120,9,1,0
BRDA:120,10,0,1
BRDA:120,10,1,1
BRF:22
BRH:10
end_of_record
TN:
SF:src/app/views/notes-view/components/notes-home-view/notes-home-view.component.ts
FN:24,(anonymous_0)
FN:28,(anonymous_1)
FN:29,(anonymous_2)
FN:35,(anonymous_3)
FN:41,(anonymous_4)
FN:44,(anonymous_5)
FN:49,(anonymous_6)
FN:53,(anonymous_7)
FN:57,(anonymous_8)
FN:63,(anonymous_9)
FN:65,(anonymous_10)
FN:70,(anonymous_11)
FN:77,(anonymous_12)
FN:78,(anonymous_13)
FN:84,(anonymous_14)
FN:85,(anonymous_15)
FNF:16
FNH:15
FNDA:6,(anonymous_0)
FNDA:6,(anonymous_1)
FNDA:6,(anonymous_2)
FNDA:6,(anonymous_3)
FNDA:6,(anonymous_4)
FNDA:6,(anonymous_5)
FNDA:1,(anonymous_6)
FNDA:1,(anonymous_7)
FNDA:6,(anonymous_8)
FNDA:61,(anonymous_9)
FNDA:1,(anonymous_10)
FNDA:0,(anonymous_11)
FNDA:13,(anonymous_12)
FNDA:1,(anonymous_13)
FNDA:13,(anonymous_14)
FNDA:1,(anonymous_15)
DA:16,1
DA:22,6
DA:24,6
DA:25,6
DA:29,6
DA:30,6
DA:31,6
DA:32,6
DA:35,6
DA:36,6
DA:37,6
DA:38,0
DA:41,6
DA:42,6
DA:44,6
DA:45,6
DA:50,1
DA:54,1
DA:58,6
DA:59,6
DA:64,61
DA:65,61
DA:66,1
DA:67,1
DA:70,0
DA:71,0
DA:72,0
DA:78,13
DA:79,1
DA:80,1
DA:85,13
DA:86,1
DA:87,1
LF:33
LH:29
BRDA:31,0,0,6
BRDA:31,0,1,0
BRDA:37,1,0,0
BRDA:37,1,1,6
BRDA:64,2,0,61
BRDA:64,2,1,0
BRDA:66,3,0,1
BRDA:66,3,1,0
BRDA:66,4,0,1
BRDA:66,4,1,1
BRDA:71,5,0,0
BRDA:71,5,1,0
BRDA:71,6,0,0
BRDA:71,6,1,0
BRDA:79,7,0,1
BRDA:79,7,1,0
BRDA:79,8,0,1
BRDA:79,8,1,1
BRDA:86,9,0,1
BRDA:86,9,1,0
BRDA:86,10,0,1
BRDA:86,10,1,1
BRF:22
BRH:12
end_of_record
TN:
SF:src/app/views/notes-view/state/notes-view.actions.ts
FNF:0
FNH:0
DA:5,1
DA:8,1
DA:9,1
DA:10,1
DA:11,1
DA:12,1
DA:13,1
DA:14,1
DA:15,1
DA:16,1
DA:17,1
DA:18,1
DA:19,1
DA:20,1
DA:21,1
DA:24,45
DA:25,45
DA:26,45
DA:27,45
DA:28,45
DA:29,45
DA:30,45
DA:31,45
DA:32,45
DA:33,45
DA:34,45
DA:35,45
DA:36,45
DA:37,45
LF:29
LH:29
BRF:0
BRH:0
end_of_record
TN:
SF:src/app/views/notes-view/state/notes-view.effects.ts
FN:19,(anonymous_0)
FN:25,(anonymous_1)
FN:28,(anonymous_2)
FN:33,(anonymous_3)
FN:34,(anonymous_4)
FN:37,(anonymous_5)
FN:46,(anonymous_6)
FN:50,(anonymous_7)
FN:57,(anonymous_8)
FN:65,(anonymous_9)
FN:73,(anonymous_10)
FN:76,(anonymous_11)
FN:80,(anonymous_12)
FN:88,(anonymous_13)
FN:96,(anonymous_14)
FN:99,(anonymous_15)
FN:103,(anonymous_16)
FN:110,(anonymous_17)
FNF:18
FNH:5
FNDA:1,(anonymous_0)
FNDA:1,(anonymous_1)
FNDA:0,(anonymous_2)
FNDA:0,(anonymous_3)
FNDA:0,(anonymous_4)
FNDA:0,(anonymous_5)
FNDA:1,(anonymous_6)
FNDA:0,(anonymous_7)
FNDA:0,(anonymous_8)
FNDA:0,(anonymous_9)
FNDA:1,(anonymous_10)
FNDA:0,(anonymous_11)
FNDA:0,(anonymous_12)
FNDA:0,(anonymous_13)
FNDA:1,(anonymous_14)
FNDA:0,(anonymous_15)
FNDA:0,(anonymous_16)
FNDA:0,(anonymous_17)
DA:18,1
DA:19,1
DA:20,1
DA:21,1
DA:22,1
DA:25,1
DA:26,1
DA:29,0
DA:34,0
DA:35,0
DA:38,0
DA:39,0
DA:46,1
DA:47,1
DA:51,0
DA:52,0
DA:53,0
DA:54,0
DA:58,0
DA:59,0
DA:66,0
DA:67,0
DA:73,1
DA:74,1
DA:77,0
DA:81,0
DA:82,0
DA:89,0
DA:90,0
DA:96,1
DA:97,1
DA:100,0
DA:104,0
DA:105,0
DA:111,0
DA:112,0
LF:36
LH:13
BRDA:53,0,0,0
BRDA:53,0,1,0
BRF:2
BRH:0
end_of_record
TN:
SF:src/app/views/notes-view/state/notes-view.helper.ts
FN:5,parseDataForSave
FN:18,filterUserNotesBySearchTerm
FN:19,(anonymous_2)
FNF:3
FNH:3
FNDA:5,parseDataForSave
FNDA:7,filterUserNotesBySearchTerm
FNDA:2,(anonymous_2)
DA:6,5
DA:7,5
DA:8,2
DA:9,2
DA:10,2
DA:12,5
DA:13,5
DA:14,5
DA:15,5
DA:19,7
DA:20,2
DA:22,7
LF:12
LH:12
BRDA:7,0,0,2
BRDA:7,0,1,3
BRDA:20,1,0,2
BRDA:20,1,1,1
BRDA:20,1,2,1
BRDA:20,1,3,1
BRF:6
BRH:6
end_of_record
TN:
SF:src/app/views/notes-view/state/notes-view.reducer.ts
FN:31,notesView
FN:66,handleUserNotesFetched
FN:72,handleSetSelectedNote
FN:80,handleSetAddEditViewState
FN:90,handleResetStore
FN:96,handleNoteSaved
FN:102,handleSetSearchTerm
FN:108,handleSetViewLoading
FN:114,handleSetActiveTab
FNF:9
FNH:9
FNDA:11,notesView
FNDA:1,handleUserNotesFetched
FNDA:1,handleSetSelectedNote
FNDA:3,handleSetAddEditViewState
FNDA:1,handleResetStore
FNDA:1,handleNoteSaved
FNDA:1,handleSetSearchTerm
FNDA:1,handleSetViewLoading
FNDA:1,handleSetActiveTab
DA:20,1
DA:32,11
DA:35,1
DA:38,1
DA:41,3
DA:44,1
DA:47,1
DA:50,1
DA:53,1
DA:56,1
DA:59,1
DA:67,1
DA:68,1
DA:69,1
DA:73,1
DA:74,1
DA:75,1
DA:76,1
DA:77,1
DA:81,3
DA:82,3
DA:83,3
DA:84,3
DA:85,1
DA:87,3
DA:91,1
DA:92,1
DA:93,1
DA:97,1
DA:98,1
DA:99,1
DA:103,1
DA:104,1
DA:105,1
DA:109,1
DA:110,1
DA:111,1
DA:115,1
DA:116,1
DA:117,1
LF:40
LH:40
BRDA:31,0,0,0
BRDA:34,1,0,1
BRDA:34,1,1,1
BRDA:34,1,2,3
BRDA:34,1,3,1
BRDA:34,1,4,1
BRDA:34,1,5,1
BRDA:34,1,6,1
BRDA:34,1,7,1
BRDA:34,1,8,1
BRDA:84,2,0,1
BRDA:84,2,1,2
BRDA:84,3,0,3
BRDA:84,3,1,1
BRF:14
BRH:13
end_of_record
TN:
SF:src/app/views/notes-view/state/notes-view.selector.ts
FN:5,(anonymous_0)
FN:9,(anonymous_1)
FN:14,(anonymous_2)
FN:19,(anonymous_3)
FN:24,(anonymous_4)
FN:29,(anonymous_5)
FN:34,(anonymous_6)
FN:39,(anonymous_7)
FNF:8
FNH:8
FNDA:7,(anonymous_0)
FNDA:2,(anonymous_1)
FNDA:2,(anonymous_2)
FNDA:2,(anonymous_3)
FNDA:2,(anonymous_4)
FNDA:2,(anonymous_5)
FNDA:2,(anonymous_6)
FNDA:2,(anonymous_7)
DA:5,7
DA:7,1
DA:9,2
DA:12,1
DA:14,2
DA:17,1
DA:19,2
DA:22,1
DA:24,2
DA:27,1
DA:29,2
DA:32,1
DA:34,2
DA:37,1
DA:39,2
LF:15
LH:15
BRF:0
BRH:0
end_of_record
TN:
SF:src/app/views/notes-view/state/notes-view.service.ts
FN:16,(anonymous_0)
FN:25,(anonymous_1)
FN:29,(anonymous_2)
FN:33,(anonymous_3)
FN:37,(anonymous_4)
FN:41,(anonymous_5)
FN:45,(anonymous_6)
FN:49,(anonymous_7)
FN:53,(anonymous_8)
FN:57,(anonymous_9)
FN:63,(anonymous_10)
FN:67,(anonymous_11)
FN:71,(anonymous_12)
FN:75,(anonymous_13)
FN:79,(anonymous_14)
FN:83,(anonymous_15)
FN:87,(anonymous_16)
FNF:17
FNH:17
FNDA:39,(anonymous_0)
FNDA:7,(anonymous_1)
FNDA:2,(anonymous_2)
FNDA:4,(anonymous_3)
FNDA:2,(anonymous_4)
FNDA:2,(anonymous_5)
FNDA:4,(anonymous_6)
FNDA:1,(anonymous_7)
FNDA:2,(anonymous_8)
FNDA:2,(anonymous_9)
FNDA:7,(anonymous_10)
FNDA:10,(anonymous_11)
FNDA:10,(anonymous_12)
FNDA:10,(anonymous_13)
FNDA:7,(anonymous_14)
FNDA:7,(anonymous_15)
FNDA:7,(anonymous_16)
DA:14,1
DA:16,39
DA:17,39
DA:18,39
DA:19,39
DA:20,39
DA:26,7
DA:30,2
DA:34,4
DA:38,2
DA:42,2
DA:46,4
DA:50,1
DA:54,2
DA:58,2
DA:64,7
DA:68,10
DA:72,10
DA:76,10
DA:80,7
DA:84,7
DA:88,7
LF:22
LH:22
BRF:0
BRH:0
end_of_record
